<?xml version="1.0" encoding="UTF-8"?>
<!-- Generated by org.testng.reporters.JUnitReportReporter -->
<testsuite hostname="Krishna" failures="0" tests="2" name="tests.TestsExamples" time="1.993" errors="0" timestamp="2025-06-15T23:54:08 IST" skipped="0">
  <testcase classname="tests.TestsExamples" name="test_2" time="0.596"/>
  <testcase classname="tests.TestsExamples" name="test_1" time="1.397"/>
</testsuite> <!-- tests.TestsExamples -->
