<?xml version="1.0" encoding="UTF-8"?>
<!-- Generated by org.testng.reporters.JUnitReportReporter -->
<testsuite hostname="Krishna" failures="0" tests="1" name="tests.PutPatchDeleteExample" time="1.818" errors="0" timestamp="2025-06-19T21:45:59 IST" skipped="0">
  <testcase classname="tests.PutPatchDeleteExample" name="putTest" time="1.818"/>
</testsuite> <!-- tests.PutPatchDeleteExample -->
