<?xml version="1.0" encoding="UTF-8"?>
<!-- Generated by org.testng.reporters.JUnitReportReporter -->
<testsuite hostname="Krishna" failures="0" tests="1" name="tests.GetAndPostExamples" time="2.343" errors="0" timestamp="2025-06-19T20:31:55 IST" skipped="0">
  <testcase classname="tests.GetAndPostExamples" name="testPost" time="2.343"/>
</testsuite> <!-- tests.GetAndPostExamples -->
